{"C:\\Users\\USUARIO\\Desktop\\calculadora-grupo4\\src\\calc.js": {"path":"C:\\Users\\USUARIO\\Desktop\\calculadora-grupo4\\src\\calc.js","statementMap":{"0":{"start":{"line":2,"column":22},"end":{"line":2,"column":51}},"1":{"start":{"line":3,"column":22},"end":{"line":3,"column":51}},"2":{"start":{"line":4,"column":22},"end":{"line":4,"column":51}},"3":{"start":{"line":5,"column":22},"end":{"line":5,"column":51}},"4":{"start":{"line":8,"column":0},"end":{"line":8,"column":41}}},"fnMap":{"0":{"name":"soma","decl":{"start":{"line":2,"column":9},"end":{"line":2,"column":13}},"loc":{"start":{"line":2,"column":20},"end":{"line":2,"column":53}},"line":2},"1":{"name":"sub","decl":{"start":{"line":3,"column":9},"end":{"line":3,"column":12}},"loc":{"start":{"line":3,"column":20},"end":{"line":3,"column":53}},"line":3},"2":{"name":"mul","decl":{"start":{"line":4,"column":9},"end":{"line":4,"column":12}},"loc":{"start":{"line":4,"column":20},"end":{"line":4,"column":53}},"line":4},"3":{"name":"div","decl":{"start":{"line":5,"column":9},"end":{"line":5,"column":12}},"loc":{"start":{"line":5,"column":20},"end":{"line":5,"column":53}},"line":5}},"branchMap":{},"s":{"0":1,"1":0,"2":1,"3":0,"4":1},"f":{"0":1,"1":0,"2":1,"3":0},"b":{},"_coverageSchema":"1a1c01bbd47fc00a2c39e90264f33305004495a9","hash":"def42513585a6e8e6cad8b2157b5945975a76353"}
}
